Sun Apr 20 08:57:24 UTC 2025
Sun Apr 20 13:14:52 UTC 2025
Mon Apr 21 13:18:01 UTC 2025
Tue Apr 22 13:35:22 UTC 2025
Wed Apr 23 13:36:35 UTC 2025
Thu Apr 24 13:36:52 UTC 2025
Fri Apr 25 13:34:11 UTC 2025
Sat Apr 26 13:04:19 UTC 2025
Sun Apr 27 13:04:59 UTC 2025
Mon Apr 28 13:50:33 UTC 2025
Tue Apr 29 13:44:32 UTC 2025
Wed Apr 30 13:35:24 UTC 2025
Thu May  1 13:33:20 UTC 2025
Fri May  2 13:34:41 UTC 2025
Sat May  3 13:13:50 UTC 2025
Sun May  4 13:14:24 UTC 2025
Mon May  5 13:36:44 UTC 2025
Tue May  6 13:41:13 UTC 2025
Wed May  7 13:43:06 UTC 2025
Thu May  8 13:35:36 UTC 2025
Fri May  9 13:35:58 UTC 2025
Sat May 10 13:14:14 UTC 2025
Sun May 11 13:14:16 UTC 2025
Mon May 12 13:42:35 UTC 2025
Tue May 13 13:43:25 UTC 2025
Wed May 14 13:38:18 UTC 2025
Thu May 15 13:37:29 UTC 2025
Fri May 16 13:37:10 UTC 2025
Sat May 17 13:14:18 UTC 2025
Sun May 18 13:15:11 UTC 2025
Mon May 19 13:42:31 UTC 2025
Tue May 20 13:43:08 UTC 2025
Wed May 21 12:48:14 UTC 2025
Thu May 22 12:48:14 UTC 2025
Fri May 23 12:45:35 UTC 2025
Sat May 24 12:41:02 UTC 2025
Sun May 25 12:41:22 UTC 2025
Mon May 26 12:45:12 UTC 2025
Tue May 27 12:48:50 UTC 2025
Wed May 28 12:48:31 UTC 2025
Thu May 29 12:47:07 UTC 2025
Fri May 30 12:47:18 UTC 2025
Sat May 31 12:41:47 UTC 2025
Sun Jun  1 12:42:56 UTC 2025
Mon Jun  2 12:48:34 UTC 2025
Tue Jun  3 12:49:08 UTC 2025
Wed Jun  4 12:49:24 UTC 2025
Thu Jun  5 12:48:40 UTC 2025
Fri Jun  6 12:47:00 UTC 2025
Sat Jun  7 12:41:56 UTC 2025
Sun Jun  8 12:42:07 UTC 2025
Mon Jun  9 12:48:40 UTC 2025
Tue Jun 10 12:49:25 UTC 2025
Wed Jun 11 12:49:11 UTC 2025
Thu Jun 12 12:48:23 UTC 2025
Fri Jun 13 12:47:54 UTC 2025
Sat Jun 14 12:42:02 UTC 2025
Sun Jun 15 12:42:39 UTC 2025
Mon Jun 16 12:50:02 UTC 2025
Tue Jun 17 12:49:44 UTC 2025
Wed Jun 18 12:49:39 UTC 2025
Thu Jun 19 12:48:46 UTC 2025
Fri Jun 20 12:48:33 UTC 2025
Sat Jun 21 12:42:31 UTC 2025
Sun Jun 22 12:42:24 UTC 2025
Mon Jun 23 12:50:18 UTC 2025
Tue Jun 24 12:49:26 UTC 2025
Wed Jun 25 12:50:34 UTC 2025
Thu Jun 26 12:49:28 UTC 2025
Fri Jun 27 12:48:24 UTC 2025
Sat Jun 28 12:43:08 UTC 2025
Sun Jun 29 12:44:01 UTC 2025
Mon Jun 30 12:49:35 UTC 2025
Tue Jul  1 12:49:43 UTC 2025
Wed Jul  2 12:49:20 UTC 2025
Thu Jul  3 12:47:36 UTC 2025
Fri Jul  4 12:48:10 UTC 2025
Sat Jul  5 12:43:18 UTC 2025
Sun Jul  6 12:44:15 UTC 2025
Mon Jul  7 12:49:39 UTC 2025
Tue Jul  8 12:49:51 UTC 2025
Wed Jul  9 12:49:47 UTC 2025
Thu Jul 10 12:50:34 UTC 2025
Fri Jul 11 12:48:50 UTC 2025
Sat Jul 12 12:45:00 UTC 2025
Sun Jul 13 12:45:51 UTC 2025
Mon Jul 14 12:51:34 UTC 2025
Tue Jul 15 12:51:40 UTC 2025
Wed Jul 16 12:52:17 UTC 2025
Thu Jul 17 12:51:34 UTC 2025
Fri Jul 18 12:52:27 UTC 2025
Sat Jul 19 12:46:51 UTC 2025
Sun Jul 20 12:47:32 UTC 2025
Mon Jul 21 12:53:06 UTC 2025
Tue Jul 22 12:52:58 UTC 2025
Wed Jul 23 12:53:23 UTC 2025
Thu Jul 24 12:52:38 UTC 2025
Fri Jul 25 12:51:28 UTC 2025
Sat Jul 26 12:47:24 UTC 2025
Sun Jul 27 12:48:54 UTC 2025
Mon Jul 28 12:53:56 UTC 2025
Tue Jul 29 12:54:31 UTC 2025
Wed Jul 30 12:54:11 UTC 2025
Thu Jul 31 12:52:47 UTC 2025
Fri Aug  1 12:53:09 UTC 2025
Sat Aug  2 12:48:26 UTC 2025
Sun Aug  3 12:51:01 UTC 2025
Mon Aug  4 12:55:00 UTC 2025
Tue Aug  5 12:55:08 UTC 2025
Wed Aug  6 12:54:57 UTC 2025
Thu Aug  7 12:54:23 UTC 2025
Fri Aug  8 12:53:41 UTC 2025
Sat Aug  9 12:47:15 UTC 2025
Sun Aug 10 12:47:48 UTC 2025
Mon Aug 11 12:53:04 UTC 2025
Tue Aug 12 12:50:10 UTC 2025
Wed Aug 13 12:51:05 UTC 2025
Thu Aug 14 12:51:49 UTC 2025
Fri Aug 15 12:47:59 UTC 2025
Sat Aug 16 12:44:56 UTC 2025
Sun Aug 17 12:45:51 UTC 2025
Mon Aug 18 12:52:05 UTC 2025
Tue Aug 19 12:46:44 UTC 2025
Wed Aug 20 12:48:31 UTC 2025
Thu Aug 21 12:47:34 UTC 2025
Fri Aug 22 12:45:35 UTC 2025
Sat Aug 23 12:41:50 UTC 2025
Sun Aug 24 12:42:05 UTC 2025
Mon Aug 25 12:49:02 UTC 2025
Tue Aug 26 12:50:04 UTC 2025
Wed Aug 27 12:45:58 UTC 2025
Thu Aug 28 12:45:51 UTC 2025
Fri Aug 29 12:45:01 UTC 2025
Sat Aug 30 12:40:09 UTC 2025
Sun Aug 31 12:41:03 UTC 2025
Mon Sep  1 12:48:26 UTC 2025
Tue Sep  2 12:47:14 UTC 2025
Wed Sep  3 12:44:13 UTC 2025
Thu Sep  4 12:42:30 UTC 2025
Fri Sep  5 12:43:22 UTC 2025
Sat Sep  6 12:38:41 UTC 2025
Sun Sep  7 12:39:36 UTC 2025
